============================= test session starts =============================
platform win32 -- Python 3.8.6, pytest-8.3.5, pluggy-1.5.0
rootdir: D:\study\软件测试\marshal-stability-tests
configfile: pyproject.toml
testpaths: tests
plugins: hypothesis-6.113.0
collected 144 items

tests\test_basic_types.py .............................................. [ 31%]
....                                                                     [ 34%]
tests\test_boundaries.py ............................................... [ 67%]
..                                                                       [ 68%]
tests\test_code_objects.py ..s                                           [ 70%]
tests\test_collections.py ....                                           [ 73%]
tests\test_cross_process.py ..                                           [ 75%]
tests\test_float_specials.py ..........................                  [ 93%]
tests\test_fuzzing.py .......                                            [ 97%]
tests\test_recursive.py ...                                              [100%]

=========================== short test summary info ===========================
SKIPPED [1] tests\test_code_objects.py:31: allow_code is not available in this Python version
======================= 143 passed, 1 skipped in 19.10s =======================
